# JRE version: Java(TM) SE Runtime Environment (8.0_131-b11) (build 1.8.0_131-b11)
# Java VM: Java HotSpot(TM) 64-Bit Server VM (25.131-b11 mixed mode linux-amd64 compressed oops)
Heap:
 def new generation   total 9792K, used 8539K [0x00000000e1200000, 0x00000000e1ca0000, 0x00000000eb6a0000)
  eden space 8704K,  97% used [0x00000000e1200000, 0x00000000e1a49b70, 0x00000000e1a80000)
  from space 1088K,   4% used [0x00000000e1b90000, 0x00000000e1b9d468, 0x00000000e1ca0000)
  to   space 1088K,   0% used [0x00000000e1a80000, 0x00000000e1a80000, 0x00000000e1b90000)
 tenured generation   total 21888K, used 15160K [0x00000000eb6a0000, 0x00000000ecc00000, 0x0000000100000000)
   the space 21888K,  69% used [0x00000000eb6a0000, 0x00000000ec56e1f0, 0x00000000ec56e200, 0x00000000ecc00000)
 Metaspace       used 18381K, capacity 19306K, committed 19584K, reserved 1067008K
  class space    used 2624K, capacity 2840K, committed 2944K, reserved 1048576K
GC Heap History (10 events):
Event: 0,510 GC heap before
{Heap before GC invocations=0 (full 0):
 def new generation   total 9792K, used 8704K [0x00000000e1200000, 0x00000000e1ca0000, 0x00000000eb6a0000)
  eden space 8704K, 100% used [0x00000000e1200000, 0x00000000e1a80000, 0x00000000e1a80000)
  from space 1088K,   0% used [0x00000000e1a80000, 0x00000000e1a80000, 0x00000000e1b90000)
  to   space 1088K,   0% used [0x00000000e1b90000, 0x00000000e1b90000, 0x00000000e1ca0000)
 tenured generation   total 21888K, used 0K [0x00000000eb6a0000, 0x00000000ecc00000, 0x0000000100000000)
   the space 21888K,   0% used [0x00000000eb6a0000, 0x00000000eb6a0000, 0x00000000eb6a0200, 0x00000000ecc00000)
 Metaspace       used 7202K, capacity 7634K, committed 7680K, reserved 1056768K
  class space    used 899K, capacity 1010K, committed 1024K, reserved 1048576K
Event: 0,512 GC heap after
Heap after GC invocations=1 (full 0):
 def new generation   total 9792K, used 1024K [0x00000000e1200000, 0x00000000e1ca0000, 0x00000000eb6a0000)
  eden space 8704K,   0% used [0x00000000e1200000, 0x00000000e1200000, 0x00000000e1a80000)
  from space 1088K,  94% used [0x00000000e1b90000, 0x00000000e1c90128, 0x00000000e1ca0000)
  to   space 1088K,   0% used [0x00000000e1a80000, 0x00000000e1a80000, 0x00000000e1b90000)
 tenured generation   total 21888K, used 0K [0x00000000eb6a0000, 0x00000000ecc00000, 0x0000000100000000)
   the space 21888K,   0% used [0x00000000eb6a0000, 0x00000000eb6a0000, 0x00000000eb6a0200, 0x00000000ecc00000)
 Metaspace       used 7202K, capacity 7634K, committed 7680K, reserved 1056768K
  class space    used 899K, capacity 1010K, committed 1024K, reserved 1048576K
}
Event: 1,010 GC heap before
{Heap before GC invocations=1 (full 0):
 def new generation   total 9792K, used 9728K [0x00000000e1200000, 0x00000000e1ca0000, 0x00000000eb6a0000)
  eden space 8704K, 100% used [0x00000000e1200000, 0x00000000e1a80000, 0x00000000e1a80000)
  from space 1088K,  94% used [0x00000000e1b90000, 0x00000000e1c90128, 0x00000000e1ca0000)
  to   space 1088K,   0% used [0x00000000e1a80000, 0x00000000e1a80000, 0x00000000e1b90000)
 tenured generation   total 21888K, used 0K [0x00000000eb6a0000, 0x00000000ecc00000, 0x0000000100000000)
   the space 21888K,   0% used [0x00000000eb6a0000, 0x00000000eb6a0000, 0x00000000eb6a0200, 0x00000000ecc00000)
 Metaspace       used 11418K, capacity 11830K, committed 12032K, reserved 1060864K
  class space    used 1388K, capacity 1504K, committed 1536K, reserved 1048576K
Event: 1,016 GC heap after
Heap after GC invocations=2 (full 0):
 def new generation   total 9792K, used 1088K [0x00000000e1200000, 0x00000000e1ca0000, 0x00000000eb6a0000)
  eden space 8704K,   0% used [0x00000000e1200000, 0x00000000e1200000, 0x00000000e1a80000)
  from space 1088K, 100% used [0x00000000e1a80000, 0x00000000e1b90000, 0x00000000e1b90000)
  to   space 1088K,   0% used [0x00000000e1b90000, 0x00000000e1b90000, 0x00000000e1ca0000)
 tenured generation   total 21888K, used 2447K [0x00000000eb6a0000, 0x00000000ecc00000, 0x0000000100000000)
   the space 21888K,  11% used [0x00000000eb6a0000, 0x00000000eb903d98, 0x00000000eb903e00, 0x00000000ecc00000)
 Metaspace       used 11418K, capacity 11830K, committed 12032K, reserved 1060864K
  class space    used 1388K, capacity 1504K, committed 1536K, reserved 1048576K
}
Event: 1,414 GC heap before
{Heap before GC invocations=2 (full 0):
 def new generation   total 9792K, used 9792K [0x00000000e1200000, 0x00000000e1ca0000, 0x00000000eb6a0000)
  eden space 8704K, 100% used [0x00000000e1200000, 0x00000000e1a80000, 0x00000000e1a80000)
  from space 1088K, 100% used [0x00000000e1a80000, 0x00000000e1b90000, 0x00000000e1b90000)
  to   space 1088K,   0% used [0x00000000e1b90000, 0x00000000e1b90000, 0x00000000e1ca0000)
 tenured generation   total 21888K, used 2447K [0x00000000eb6a0000, 0x00000000ecc00000, 0x0000000100000000)
   the space 21888K,  11% used [0x00000000eb6a0000, 0x00000000eb903d98, 0x00000000eb903e00, 0x00000000ecc00000)
 Metaspace       used 14818K, capacity 15388K, committed 15616K, reserved 1062912K
  class space    used 2033K, capacity 2181K, committed 2304K, reserved 1048576K
Event: 1,418 GC heap after
Heap after GC invocations=3 (full 0):
 def new generation   total 9792K, used 1088K [0x00000000e1200000, 0x00000000e1ca0000, 0x00000000eb6a0000)
  eden space 8704K,   0% used [0x00000000e1200000, 0x00000000e1200000, 0x00000000e1a80000)
  from space 1088K, 100% used [0x00000000e1b90000, 0x00000000e1ca0000, 0x00000000e1ca0000)
  to   space 1088K,   0% used [0x00000000e1a80000, 0x00000000e1a80000, 0x00000000e1b90000)
 tenured generation   total 21888K, used 3779K [0x00000000eb6a0000, 0x00000000ecc00000, 0x0000000100000000)
   the space 21888K,  17% used [0x00000000eb6a0000, 0x00000000eba50d60, 0x00000000eba50e00, 0x00000000ecc00000)
 Metaspace       used 14818K, capacity 15388K, committed 15616K, reserved 1062912K
  class space    used 2033K, capacity 2181K, committed 2304K, reserved 1048576K
}
Event: 1,614 GC heap before
{Heap before GC invocations=3 (full 0):
 def new generation   total 9792K, used 6119K [0x00000000e1200000, 0x00000000e1ca0000, 0x00000000eb6a0000)
  eden space 8704K,  57% used [0x00000000e1200000, 0x00000000e16e9f20, 0x00000000e1a80000)
  from space 1088K, 100% used [0x00000000e1b90000, 0x00000000e1ca0000, 0x00000000e1ca0000)
  to   space 1088K,   0% used [0x00000000e1a80000, 0x00000000e1a80000, 0x00000000e1b90000)
 tenured generation   total 21888K, used 3779K [0x00000000eb6a0000, 0x00000000ecc00000, 0x0000000100000000)
   the space 21888K,  17% used [0x00000000eb6a0000, 0x00000000eba50d60, 0x00000000eba50e00, 0x00000000ecc00000)
 Metaspace       used 15860K, capacity 16518K, committed 16768K, reserved 1062912K
  class space    used 2184K, capacity 2370K, committed 2432K, reserved 1048576K
Event: 1,619 GC heap after
Heap after GC invocations=4 (full 0):
 def new generation   total 9792K, used 1087K [0x00000000e1200000, 0x00000000e1ca0000, 0x00000000eb6a0000)
  eden space 8704K,   0% used [0x00000000e1200000, 0x00000000e1200000, 0x00000000e1a80000)
  from space 1088K,  99% used [0x00000000e1a80000, 0x00000000e1b8fff8, 0x00000000e1b90000)
  to   space 1088K,   0% used [0x00000000e1b90000, 0x00000000e1b90000, 0x00000000e1ca0000)
 tenured generation   total 21888K, used 5886K [0x00000000eb6a0000, 0x00000000ecc00000, 0x0000000100000000)
   the space 21888K,  26% used [0x00000000eb6a0000, 0x00000000ebc5fb08, 0x00000000ebc5fc00, 0x00000000ecc00000)
 Metaspace       used 15860K, capacity 16518K, committed 16768K, reserved 1062912K
  class space    used 2184K, capacity 2370K, committed 2432K, reserved 1048576K
}
Event: 1,640 GC heap before
{Heap before GC invocations=4 (full 0):
 def new generation   total 9792K, used 9791K [0x00000000e1200000, 0x00000000e1ca0000, 0x00000000eb6a0000)
  eden space 8704K, 100% used [0x00000000e1200000, 0x00000000e1a80000, 0x00000000e1a80000)
  from space 1088K,  99% used [0x00000000e1a80000, 0x00000000e1b8fff8, 0x00000000e1b90000)
  to   space 1088K,   0% used [0x00000000e1b90000, 0x00000000e1b90000, 0x00000000e1ca0000)
 tenured generation   total 21888K, used 5886K [0x00000000eb6a0000, 0x00000000ecc00000, 0x0000000100000000)
   the space 21888K,  26% used [0x00000000eb6a0000, 0x00000000ebc5fb08, 0x00000000ebc5fc00, 0x00000000ecc00000)
 Metaspace       used 16028K, capacity 16730K, committed 17024K, reserved 1064960K
  class space    used 2206K, capacity 2376K, committed 2432K, reserved 1048576K
Event: 1,644 GC heap after
Heap after GC invocations=5 (full 0):
 def new generation   total 9792K, used 53K [0x00000000e1200000, 0x00000000e1ca0000, 0x00000000eb6a0000)
  eden space 8704K,   0% used [0x00000000e1200000, 0x00000000e1200000, 0x00000000e1a80000)
  from space 1088K,   4% used [0x00000000e1b90000, 0x00000000e1b9d468, 0x00000000e1ca0000)
  to   space 1088K,   0% used [0x00000000e1a80000, 0x00000000e1a80000, 0x00000000e1b90000)
 tenured generation   total 21888K, used 15160K [0x00000000eb6a0000, 0x00000000ecc00000, 0x0000000100000000)
   the space 21888K,  69% used [0x00000000eb6a0000, 0x00000000ec56e1f0, 0x00000000ec56e200, 0x00000000ecc00000)
 Metaspace       used 16028K, capacity 16730K, committed 17024K, reserved 1064960K
  class space    used 2206K, capacity 2376K, committed 2432K, reserved 1048576K
}

