# JRE version: Java(TM) SE Runtime Environment (8.0_131-b11) (build 1.8.0_131-b11)
# Java VM: Java HotSpot(TM) 64-Bit Server VM (25.131-b11 mixed mode linux-amd64 compressed oops)
Heap:
 def new generation   total 9792K, used 8633K [0x00000000e1200000, 0x00000000e1ca0000, 0x00000000eb6a0000)
  eden space 8704K,  98% used [0x00000000e1200000, 0x00000000e1a60058, 0x00000000e1a80000)
  from space 1088K,   5% used [0x00000000e1b90000, 0x00000000e1b9e4c8, 0x00000000e1ca0000)
  to   space 1088K,   0% used [0x00000000e1a80000, 0x00000000e1a80000, 0x00000000e1b90000)
 tenured generation   total 21888K, used 15093K [0x00000000eb6a0000, 0x00000000ecc00000, 0x0000000100000000)
   the space 21888K,  68% used [0x00000000eb6a0000, 0x00000000ec55d4b0, 0x00000000ec55d600, 0x00000000ecc00000)
 Metaspace       used 18062K, capacity 18986K, committed 19200K, reserved 1064960K
  class space    used 2591K, capacity 2765K, committed 2816K, reserved 1048576K
GC Heap History (10 events):
Event: 0,606 GC heap before
{Heap before GC invocations=0 (full 0):
 def new generation   total 9792K, used 8704K [0x00000000e1200000, 0x00000000e1ca0000, 0x00000000eb6a0000)
  eden space 8704K, 100% used [0x00000000e1200000, 0x00000000e1a80000, 0x00000000e1a80000)
  from space 1088K,   0% used [0x00000000e1a80000, 0x00000000e1a80000, 0x00000000e1b90000)
  to   space 1088K,   0% used [0x00000000e1b90000, 0x00000000e1b90000, 0x00000000e1ca0000)
 tenured generation   total 21888K, used 0K [0x00000000eb6a0000, 0x00000000ecc00000, 0x0000000100000000)
   the space 21888K,   0% used [0x00000000eb6a0000, 0x00000000eb6a0000, 0x00000000eb6a0200, 0x00000000ecc00000)
 Metaspace       used 7199K, capacity 7526K, committed 7680K, reserved 1056768K
  class space    used 859K, capacity 975K, committed 1024K, reserved 1048576K
Event: 0,610 GC heap after
Heap after GC invocations=1 (full 0):
 def new generation   total 9792K, used 1087K [0x00000000e1200000, 0x00000000e1ca0000, 0x00000000eb6a0000)
  eden space 8704K,   0% used [0x00000000e1200000, 0x00000000e1200000, 0x00000000e1a80000)
  from space 1088K,  99% used [0x00000000e1b90000, 0x00000000e1c9fff8, 0x00000000e1ca0000)
  to   space 1088K,   0% used [0x00000000e1a80000, 0x00000000e1a80000, 0x00000000e1b90000)
 tenured generation   total 21888K, used 510K [0x00000000eb6a0000, 0x00000000ecc00000, 0x0000000100000000)
   the space 21888K,   2% used [0x00000000eb6a0000, 0x00000000eb71fa70, 0x00000000eb71fc00, 0x00000000ecc00000)
 Metaspace       used 7199K, capacity 7526K, committed 7680K, reserved 1056768K
  class space    used 859K, capacity 975K, committed 1024K, reserved 1048576K
}
Event: 1,072 GC heap before
{Heap before GC invocations=1 (full 0):
 def new generation   total 9792K, used 9791K [0x00000000e1200000, 0x00000000e1ca0000, 0x00000000eb6a0000)
  eden space 8704K, 100% used [0x00000000e1200000, 0x00000000e1a80000, 0x00000000e1a80000)
  from space 1088K,  99% used [0x00000000e1b90000, 0x00000000e1c9fff8, 0x00000000e1ca0000)
  to   space 1088K,   0% used [0x00000000e1a80000, 0x00000000e1a80000, 0x00000000e1b90000)
 tenured generation   total 21888K, used 510K [0x00000000eb6a0000, 0x00000000ecc00000, 0x0000000100000000)
   the space 21888K,   2% used [0x00000000eb6a0000, 0x00000000eb71fa70, 0x00000000eb71fc00, 0x00000000ecc00000)
 Metaspace       used 11385K, capacity 11740K, committed 12032K, reserved 1060864K
  class space    used 1383K, capacity 1478K, committed 1536K, reserved 1048576K
Event: 1,077 GC heap after
Heap after GC invocations=2 (full 0):
 def new generation   total 9792K, used 1088K [0x00000000e1200000, 0x00000000e1ca0000, 0x00000000eb6a0000)
  eden space 8704K,   0% used [0x00000000e1200000, 0x00000000e1200000, 0x00000000e1a80000)
  from space 1088K, 100% used [0x00000000e1a80000, 0x00000000e1b90000, 0x00000000e1b90000)
  to   space 1088K,   0% used [0x00000000e1b90000, 0x00000000e1b90000, 0x00000000e1ca0000)
 tenured generation   total 21888K, used 2536K [0x00000000eb6a0000, 0x00000000ecc00000, 0x0000000100000000)
   the space 21888K,  11% used [0x00000000eb6a0000, 0x00000000eb91a0f8, 0x00000000eb91a200, 0x00000000ecc00000)
 Metaspace       used 11385K, capacity 11740K, committed 12032K, reserved 1060864K
  class space    used 1383K, capacity 1478K, committed 1536K, reserved 1048576K
}
Event: 1,508 GC heap before
{Heap before GC invocations=2 (full 0):
 def new generation   total 9792K, used 9792K [0x00000000e1200000, 0x00000000e1ca0000, 0x00000000eb6a0000)
  eden space 8704K, 100% used [0x00000000e1200000, 0x00000000e1a80000, 0x00000000e1a80000)
  from space 1088K, 100% used [0x00000000e1a80000, 0x00000000e1b90000, 0x00000000e1b90000)
  to   space 1088K,   0% used [0x00000000e1b90000, 0x00000000e1b90000, 0x00000000e1ca0000)
 tenured generation   total 21888K, used 2536K [0x00000000eb6a0000, 0x00000000ecc00000, 0x0000000100000000)
   the space 21888K,  11% used [0x00000000eb6a0000, 0x00000000eb91a0f8, 0x00000000eb91a200, 0x00000000ecc00000)
 Metaspace       used 14760K, capacity 15378K, committed 15616K, reserved 1062912K
  class space    used 2047K, capacity 2179K, committed 2304K, reserved 1048576K
Event: 1,513 GC heap after
Heap after GC invocations=3 (full 0):
 def new generation   total 9792K, used 1088K [0x00000000e1200000, 0x00000000e1ca0000, 0x00000000eb6a0000)
  eden space 8704K,   0% used [0x00000000e1200000, 0x00000000e1200000, 0x00000000e1a80000)
  from space 1088K, 100% used [0x00000000e1b90000, 0x00000000e1ca0000, 0x00000000e1ca0000)
  to   space 1088K,   0% used [0x00000000e1a80000, 0x00000000e1a80000, 0x00000000e1b90000)
 tenured generation   total 21888K, used 3964K [0x00000000eb6a0000, 0x00000000ecc00000, 0x0000000100000000)
   the space 21888K,  18% used [0x00000000eb6a0000, 0x00000000eba7f3a0, 0x00000000eba7f400, 0x00000000ecc00000)
 Metaspace       used 14760K, capacity 15378K, committed 15616K, reserved 1062912K
  class space    used 2047K, capacity 2179K, committed 2304K, reserved 1048576K
}
Event: 1,693 GC heap before
{Heap before GC invocations=3 (full 0):
 def new generation   total 9792K, used 5014K [0x00000000e1200000, 0x00000000e1ca0000, 0x00000000eb6a0000)
  eden space 8704K,  45% used [0x00000000e1200000, 0x00000000e15d5818, 0x00000000e1a80000)
  from space 1088K, 100% used [0x00000000e1b90000, 0x00000000e1ca0000, 0x00000000e1ca0000)
  to   space 1088K,   0% used [0x00000000e1a80000, 0x00000000e1a80000, 0x00000000e1b90000)
 tenured generation   total 21888K, used 3964K [0x00000000eb6a0000, 0x00000000ecc00000, 0x0000000100000000)
   the space 21888K,  18% used [0x00000000eb6a0000, 0x00000000eba7f3a0, 0x00000000eba7f400, 0x00000000ecc00000)
 Metaspace       used 15521K, capacity 16130K, committed 16384K, reserved 1062912K
  class space    used 2145K, capacity 2295K, committed 2304K, reserved 1048576K
Event: 1,703 GC heap after
Heap after GC invocations=4 (full 0):
 def new generation   total 9792K, used 1088K [0x00000000e1200000, 0x00000000e1ca0000, 0x00000000eb6a0000)
  eden space 8704K,   0% used [0x00000000e1200000, 0x00000000e1200000, 0x00000000e1a80000)
  from space 1088K, 100% used [0x00000000e1a80000, 0x00000000e1b90000, 0x00000000e1b90000)
  to   space 1088K,   0% used [0x00000000e1b90000, 0x00000000e1b90000, 0x00000000e1ca0000)
 tenured generation   total 21888K, used 5817K [0x00000000eb6a0000, 0x00000000ecc00000, 0x0000000100000000)
   the space 21888K,  26% used [0x00000000eb6a0000, 0x00000000ebc4e500, 0x00000000ebc4e600, 0x00000000ecc00000)
 Metaspace       used 15521K, capacity 16130K, committed 16384K, reserved 1062912K
  class space    used 2145K, capacity 2295K, committed 2304K, reserved 1048576K
}
Event: 1,734 GC heap before
{Heap before GC invocations=4 (full 0):
 def new generation   total 9792K, used 9792K [0x00000000e1200000, 0x00000000e1ca0000, 0x00000000eb6a0000)
  eden space 8704K, 100% used [0x00000000e1200000, 0x00000000e1a80000, 0x00000000e1a80000)
  from space 1088K, 100% used [0x00000000e1a80000, 0x00000000e1b90000, 0x00000000e1b90000)
  to   space 1088K,   0% used [0x00000000e1b90000, 0x00000000e1b90000, 0x00000000e1ca0000)
 tenured generation   total 21888K, used 5817K [0x00000000eb6a0000, 0x00000000ecc00000, 0x0000000100000000)
   the space 21888K,  26% used [0x00000000eb6a0000, 0x00000000ebc4e500, 0x00000000ebc4e600, 0x00000000ecc00000)
 Metaspace       used 15698K, capacity 16374K, committed 16512K, reserved 1062912K
  class space    used 2168K, capacity 2333K, committed 2432K, reserved 1048576K
Event: 1,748 GC heap after
Heap after GC invocations=5 (full 0):
 def new generation   total 9792K, used 57K [0x00000000e1200000, 0x00000000e1ca0000, 0x00000000eb6a0000)
  eden space 8704K,   0% used [0x00000000e1200000, 0x00000000e1200000, 0x00000000e1a80000)
  from space 1088K,   5% used [0x00000000e1b90000, 0x00000000e1b9e4c8, 0x00000000e1ca0000)
  to   space 1088K,   0% used [0x00000000e1a80000, 0x00000000e1a80000, 0x00000000e1b90000)
 tenured generation   total 21888K, used 15093K [0x00000000eb6a0000, 0x00000000ecc00000, 0x0000000100000000)
   the space 21888K,  68% used [0x00000000eb6a0000, 0x00000000ec55d4b0, 0x00000000ec55d600, 0x00000000ecc00000)
 Metaspace       used 15698K, capacity 16374K, committed 16512K, reserved 1062912K
  class space    used 2168K, capacity 2333K, committed 2432K, reserved 1048576K
}

