# JRE version: Java(TM) SE Runtime Environment (8.0_131-b11) (build 1.8.0_131-b11)
# Java VM: Java HotSpot(TM) 64-Bit Server VM (25.131-b11 mixed mode linux-amd64 compressed oops)
Heap:
 def new generation   total 9792K, used 8532K [0x00000000e1200000, 0x00000000e1ca0000, 0x00000000eb6a0000)
  eden space 8704K,  97% used [0x00000000e1200000, 0x00000000e1a45108, 0x00000000e1a80000)
  from space 1088K,   5% used [0x00000000e1b90000, 0x00000000e1ba00f8, 0x00000000e1ca0000)
  to   space 1088K,   0% used [0x00000000e1a80000, 0x00000000e1a80000, 0x00000000e1b90000)
 tenured generation   total 21888K, used 15161K [0x00000000eb6a0000, 0x00000000ecc00000, 0x0000000100000000)
   the space 21888K,  69% used [0x00000000eb6a0000, 0x00000000ec56e6c8, 0x00000000ec56e800, 0x00000000ecc00000)
 Metaspace       used 18343K, capacity 19246K, committed 19584K, reserved 1067008K
  class space    used 2625K, capacity 2840K, committed 2944K, reserved 1048576K
GC Heap History (10 events):
Event: 12,089 GC heap before
{Heap before GC invocations=0 (full 0):
 def new generation   total 9792K, used 8704K [0x00000000e1200000, 0x00000000e1ca0000, 0x00000000eb6a0000)
  eden space 8704K, 100% used [0x00000000e1200000, 0x00000000e1a80000, 0x00000000e1a80000)
  from space 1088K,   0% used [0x00000000e1a80000, 0x00000000e1a80000, 0x00000000e1b90000)
  to   space 1088K,   0% used [0x00000000e1b90000, 0x00000000e1b90000, 0x00000000e1ca0000)
 tenured generation   total 21888K, used 0K [0x00000000eb6a0000, 0x00000000ecc00000, 0x0000000100000000)
   the space 21888K,   0% used [0x00000000eb6a0000, 0x00000000eb6a0000, 0x00000000eb6a0200, 0x00000000ecc00000)
 Metaspace       used 7209K, capacity 7634K, committed 7680K, reserved 1056768K
  class space    used 898K, capacity 1010K, committed 1024K, reserved 1048576K
Event: 12,297 GC heap after
Heap after GC invocations=1 (full 0):
 def new generation   total 9792K, used 1022K [0x00000000e1200000, 0x00000000e1ca0000, 0x00000000eb6a0000)
  eden space 8704K,   0% used [0x00000000e1200000, 0x00000000e1200000, 0x00000000e1a80000)
  from space 1088K,  94% used [0x00000000e1b90000, 0x00000000e1c8fba8, 0x00000000e1ca0000)
  to   space 1088K,   0% used [0x00000000e1a80000, 0x00000000e1a80000, 0x00000000e1b90000)
 tenured generation   total 21888K, used 0K [0x00000000eb6a0000, 0x00000000ecc00000, 0x0000000100000000)
   the space 21888K,   0% used [0x00000000eb6a0000, 0x00000000eb6a0000, 0x00000000eb6a0200, 0x00000000ecc00000)
 Metaspace       used 7209K, capacity 7634K, committed 7680K, reserved 1056768K
  class space    used 898K, capacity 1010K, committed 1024K, reserved 1048576K
}
Event: 14,824 GC heap before
{Heap before GC invocations=1 (full 0):
 def new generation   total 9792K, used 9726K [0x00000000e1200000, 0x00000000e1ca0000, 0x00000000eb6a0000)
  eden space 8704K, 100% used [0x00000000e1200000, 0x00000000e1a80000, 0x00000000e1a80000)
  from space 1088K,  94% used [0x00000000e1b90000, 0x00000000e1c8fba8, 0x00000000e1ca0000)
  to   space 1088K,   0% used [0x00000000e1a80000, 0x00000000e1a80000, 0x00000000e1b90000)
 tenured generation   total 21888K, used 0K [0x00000000eb6a0000, 0x00000000ecc00000, 0x0000000100000000)
   the space 21888K,   0% used [0x00000000eb6a0000, 0x00000000eb6a0000, 0x00000000eb6a0200, 0x00000000ecc00000)
 Metaspace       used 11369K, capacity 11702K, committed 12032K, reserved 1060864K
  class space    used 1388K, capacity 1504K, committed 1536K, reserved 1048576K
Event: 15,134 GC heap after
Heap after GC invocations=2 (full 0):
 def new generation   total 9792K, used 1088K [0x00000000e1200000, 0x00000000e1ca0000, 0x00000000eb6a0000)
  eden space 8704K,   0% used [0x00000000e1200000, 0x00000000e1200000, 0x00000000e1a80000)
  from space 1088K, 100% used [0x00000000e1a80000, 0x00000000e1b90000, 0x00000000e1b90000)
  to   space 1088K,   0% used [0x00000000e1b90000, 0x00000000e1b90000, 0x00000000e1ca0000)
 tenured generation   total 21888K, used 2443K [0x00000000eb6a0000, 0x00000000ecc00000, 0x0000000100000000)
   the space 21888K,  11% used [0x00000000eb6a0000, 0x00000000eb902d60, 0x00000000eb902e00, 0x00000000ecc00000)
 Metaspace       used 11369K, capacity 11702K, committed 12032K, reserved 1060864K
  class space    used 1388K, capacity 1504K, committed 1536K, reserved 1048576K
}
Event: 16,670 GC heap before
{Heap before GC invocations=2 (full 0):
 def new generation   total 9792K, used 9792K [0x00000000e1200000, 0x00000000e1ca0000, 0x00000000eb6a0000)
  eden space 8704K, 100% used [0x00000000e1200000, 0x00000000e1a80000, 0x00000000e1a80000)
  from space 1088K, 100% used [0x00000000e1a80000, 0x00000000e1b90000, 0x00000000e1b90000)
  to   space 1088K,   0% used [0x00000000e1b90000, 0x00000000e1b90000, 0x00000000e1ca0000)
 tenured generation   total 21888K, used 2443K [0x00000000eb6a0000, 0x00000000ecc00000, 0x0000000100000000)
   the space 21888K,  11% used [0x00000000eb6a0000, 0x00000000eb902d60, 0x00000000eb902e00, 0x00000000ecc00000)
 Metaspace       used 14775K, capacity 15324K, committed 15616K, reserved 1062912K
  class space    used 2033K, capacity 2181K, committed 2304K, reserved 1048576K
Event: 16,804 GC heap after
Heap after GC invocations=3 (full 0):
 def new generation   total 9792K, used 1088K [0x00000000e1200000, 0x00000000e1ca0000, 0x00000000eb6a0000)
  eden space 8704K,   0% used [0x00000000e1200000, 0x00000000e1200000, 0x00000000e1a80000)
  from space 1088K, 100% used [0x00000000e1b90000, 0x00000000e1ca0000, 0x00000000e1ca0000)
  to   space 1088K,   0% used [0x00000000e1a80000, 0x00000000e1a80000, 0x00000000e1b90000)
 tenured generation   total 21888K, used 3780K [0x00000000eb6a0000, 0x00000000ecc00000, 0x0000000100000000)
   the space 21888K,  17% used [0x00000000eb6a0000, 0x00000000eba51080, 0x00000000eba51200, 0x00000000ecc00000)
 Metaspace       used 14775K, capacity 15324K, committed 15616K, reserved 1062912K
  class space    used 2033K, capacity 2181K, committed 2304K, reserved 1048576K
}
Event: 18,311 GC heap before
{Heap before GC invocations=3 (full 0):
 def new generation   total 9792K, used 6114K [0x00000000e1200000, 0x00000000e1ca0000, 0x00000000eb6a0000)
  eden space 8704K,  57% used [0x00000000e1200000, 0x00000000e16e8b10, 0x00000000e1a80000)
  from space 1088K, 100% used [0x00000000e1b90000, 0x00000000e1ca0000, 0x00000000e1ca0000)
  to   space 1088K,   0% used [0x00000000e1a80000, 0x00000000e1a80000, 0x00000000e1b90000)
 tenured generation   total 21888K, used 3780K [0x00000000eb6a0000, 0x00000000ecc00000, 0x0000000100000000)
   the space 21888K,  17% used [0x00000000eb6a0000, 0x00000000eba51080, 0x00000000eba51200, 0x00000000ecc00000)
 Metaspace       used 15817K, capacity 16454K, committed 16768K, reserved 1062912K
  class space    used 2185K, capacity 2370K, committed 2432K, reserved 1048576K
Event: 18,976 GC heap after
Heap after GC invocations=4 (full 0):
 def new generation   total 9792K, used 1088K [0x00000000e1200000, 0x00000000e1ca0000, 0x00000000eb6a0000)
  eden space 8704K,   0% used [0x00000000e1200000, 0x00000000e1200000, 0x00000000e1a80000)
  from space 1088K, 100% used [0x00000000e1a80000, 0x00000000e1b90000, 0x00000000e1b90000)
  to   space 1088K,   0% used [0x00000000e1b90000, 0x00000000e1b90000, 0x00000000e1ca0000)
 tenured generation   total 21888K, used 5888K [0x00000000eb6a0000, 0x00000000ecc00000, 0x0000000100000000)
   the space 21888K,  26% used [0x00000000eb6a0000, 0x00000000ebc60280, 0x00000000ebc60400, 0x00000000ecc00000)
 Metaspace       used 15817K, capacity 16454K, committed 16768K, reserved 1062912K
  class space    used 2185K, capacity 2370K, committed 2432K, reserved 1048576K
}
Event: 19,116 GC heap before
{Heap before GC invocations=4 (full 0):
 def new generation   total 9792K, used 9792K [0x00000000e1200000, 0x00000000e1ca0000, 0x00000000eb6a0000)
  eden space 8704K, 100% used [0x00000000e1200000, 0x00000000e1a80000, 0x00000000e1a80000)
  from space 1088K, 100% used [0x00000000e1a80000, 0x00000000e1b90000, 0x00000000e1b90000)
  to   space 1088K,   0% used [0x00000000e1b90000, 0x00000000e1b90000, 0x00000000e1ca0000)
 tenured generation   total 21888K, used 5888K [0x00000000eb6a0000, 0x00000000ecc00000, 0x0000000100000000)
   the space 21888K,  26% used [0x00000000eb6a0000, 0x00000000ebc60280, 0x00000000ebc60400, 0x00000000ecc00000)
 Metaspace       used 16046K, capacity 16672K, committed 16768K, reserved 1062912K
  class space    used 2214K, capacity 2377K, committed 2432K, reserved 1048576K
Event: 19,467 GC heap after
Heap after GC invocations=5 (full 0):
 def new generation   total 9792K, used 64K [0x00000000e1200000, 0x00000000e1ca0000, 0x00000000eb6a0000)
  eden space 8704K,   0% used [0x00000000e1200000, 0x00000000e1200000, 0x00000000e1a80000)
  from space 1088K,   5% used [0x00000000e1b90000, 0x00000000e1ba00f8, 0x00000000e1ca0000)
  to   space 1088K,   0% used [0x00000000e1a80000, 0x00000000e1a80000, 0x00000000e1b90000)
 tenured generation   total 21888K, used 15161K [0x00000000eb6a0000, 0x00000000ecc00000, 0x0000000100000000)
   the space 21888K,  69% used [0x00000000eb6a0000, 0x00000000ec56e6c8, 0x00000000ec56e800, 0x00000000ecc00000)
 Metaspace       used 16046K, capacity 16672K, committed 16768K, reserved 1062912K
  class space    used 2214K, capacity 2377K, committed 2432K, reserved 1048576K
}

