# JRE version: Java(TM) SE Runtime Environment (8.0_131-b11) (build 1.8.0_131-b11)
# Java VM: Java HotSpot(TM) 64-Bit Server VM (25.131-b11 mixed mode linux-amd64 compressed oops)
Heap:
 def new generation   total 9792K, used 7959K [0x00000000e1200000, 0x00000000e1ca0000, 0x00000000eb6a0000)
  eden space 8704K,  88% used [0x00000000e1200000, 0x00000000e1984c60, 0x00000000e1a80000)
  from space 1088K,  23% used [0x00000000e1a80000, 0x00000000e1ac0fd0, 0x00000000e1b90000)
  to   space 1088K,   0% used [0x00000000e1b90000, 0x00000000e1b90000, 0x00000000e1ca0000)
 tenured generation   total 21888K, used 15640K [0x00000000eb6a0000, 0x00000000ecc00000, 0x0000000100000000)
   the space 21888K,  71% used [0x00000000eb6a0000, 0x00000000ec5e6360, 0x00000000ec5e6400, 0x00000000ecc00000)
 Metaspace       used 19595K, capacity 20846K, committed 21120K, reserved 1067008K
  class space    used 2844K, capacity 3090K, committed 3200K, reserved 1048576K
GC Heap History (10 events):
Event: 1,543 GC heap before
{Heap before GC invocations=1 (full 0):
 def new generation   total 9792K, used 9725K [0x00000000e1200000, 0x00000000e1ca0000, 0x00000000eb6a0000)
  eden space 8704K, 100% used [0x00000000e1200000, 0x00000000e1a80000, 0x00000000e1a80000)
  from space 1088K,  93% used [0x00000000e1b90000, 0x00000000e1c8f780, 0x00000000e1ca0000)
  to   space 1088K,   0% used [0x00000000e1a80000, 0x00000000e1a80000, 0x00000000e1b90000)
 tenured generation   total 21888K, used 0K [0x00000000eb6a0000, 0x00000000ecc00000, 0x0000000100000000)
   the space 21888K,   0% used [0x00000000eb6a0000, 0x00000000eb6a0000, 0x00000000eb6a0200, 0x00000000ecc00000)
 Metaspace       used 11033K, capacity 11536K, committed 11648K, reserved 1058816K
  class space    used 1411K, capacity 1557K, committed 1664K, reserved 1048576K
Event: 1,549 GC heap after
Heap after GC invocations=2 (full 0):
 def new generation   total 9792K, used 1088K [0x00000000e1200000, 0x00000000e1ca0000, 0x00000000eb6a0000)
  eden space 8704K,   0% used [0x00000000e1200000, 0x00000000e1200000, 0x00000000e1a80000)
  from space 1088K, 100% used [0x00000000e1a80000, 0x00000000e1b90000, 0x00000000e1b90000)
  to   space 1088K,   0% used [0x00000000e1b90000, 0x00000000e1b90000, 0x00000000e1ca0000)
 tenured generation   total 21888K, used 1979K [0x00000000eb6a0000, 0x00000000ecc00000, 0x0000000100000000)
   the space 21888K,   9% used [0x00000000eb6a0000, 0x00000000eb88ec58, 0x00000000eb88ee00, 0x00000000ecc00000)
 Metaspace       used 11033K, capacity 11536K, committed 11648K, reserved 1058816K
  class space    used 1411K, capacity 1557K, committed 1664K, reserved 1048576K
}
Event: 2,146 GC heap before
{Heap before GC invocations=2 (full 0):
 def new generation   total 9792K, used 9761K [0x00000000e1200000, 0x00000000e1ca0000, 0x00000000eb6a0000)
  eden space 8704K,  99% used [0x00000000e1200000, 0x00000000e1a78450, 0x00000000e1a80000)
  from space 1088K, 100% used [0x00000000e1a80000, 0x00000000e1b90000, 0x00000000e1b90000)
  to   space 1088K,   0% used [0x00000000e1b90000, 0x00000000e1b90000, 0x00000000e1ca0000)
 tenured generation   total 21888K, used 1979K [0x00000000eb6a0000, 0x00000000ecc00000, 0x0000000100000000)
   the space 21888K,   9% used [0x00000000eb6a0000, 0x00000000eb88ec58, 0x00000000eb88ee00, 0x00000000ecc00000)
 Metaspace       used 14798K, capacity 15402K, committed 15488K, reserved 1062912K
  class space    used 1987K, capacity 2160K, committed 2176K, reserved 1048576K
Event: 2,151 GC heap after
Heap after GC invocations=3 (full 0):
 def new generation   total 9792K, used 1088K [0x00000000e1200000, 0x00000000e1ca0000, 0x00000000eb6a0000)
  eden space 8704K,   0% used [0x00000000e1200000, 0x00000000e1200000, 0x00000000e1a80000)
  from space 1088K, 100% used [0x00000000e1b90000, 0x00000000e1ca0000, 0x00000000e1ca0000)
  to   space 1088K,   0% used [0x00000000e1a80000, 0x00000000e1a80000, 0x00000000e1b90000)
 tenured generation   total 21888K, used 3767K [0x00000000eb6a0000, 0x00000000ecc00000, 0x0000000100000000)
   the space 21888K,  17% used [0x00000000eb6a0000, 0x00000000eba4de78, 0x00000000eba4e000, 0x00000000ecc00000)
 Metaspace       used 14798K, capacity 15402K, committed 15488K, reserved 1062912K
  class space    used 1987K, capacity 2160K, committed 2176K, reserved 1048576K
}
Event: 2,567 GC heap before
{Heap before GC invocations=3 (full 0):
 def new generation   total 9792K, used 9761K [0x00000000e1200000, 0x00000000e1ca0000, 0x00000000eb6a0000)
  eden space 8704K,  99% used [0x00000000e1200000, 0x00000000e1a78418, 0x00000000e1a80000)
  from space 1088K, 100% used [0x00000000e1b90000, 0x00000000e1ca0000, 0x00000000e1ca0000)
  to   space 1088K,   0% used [0x00000000e1a80000, 0x00000000e1a80000, 0x00000000e1b90000)
 tenured generation   total 21888K, used 3767K [0x00000000eb6a0000, 0x00000000ecc00000, 0x0000000100000000)
   the space 21888K,  17% used [0x00000000eb6a0000, 0x00000000eba4de78, 0x00000000eba4e000, 0x00000000ecc00000)
 Metaspace       used 16913K, capacity 17856K, committed 18048K, reserved 1064960K
  class space    used 2431K, capacity 2637K, committed 2688K, reserved 1048576K
Event: 2,579 GC heap after
Heap after GC invocations=4 (full 0):
 def new generation   total 9792K, used 1088K [0x00000000e1200000, 0x00000000e1ca0000, 0x00000000eb6a0000)
  eden space 8704K,   0% used [0x00000000e1200000, 0x00000000e1200000, 0x00000000e1a80000)
  from space 1088K, 100% used [0x00000000e1a80000, 0x00000000e1b90000, 0x00000000e1b90000)
  to   space 1088K,   0% used [0x00000000e1b90000, 0x00000000e1b90000, 0x00000000e1ca0000)
 tenured generation   total 21888K, used 6380K [0x00000000eb6a0000, 0x00000000ecc00000, 0x0000000100000000)
   the space 21888K,  29% used [0x00000000eb6a0000, 0x00000000ebcdb040, 0x00000000ebcdb200, 0x00000000ecc00000)
 Metaspace       used 16913K, capacity 17856K, committed 18048K, reserved 1064960K
  class space    used 2431K, capacity 2637K, committed 2688K, reserved 1048576K
}
Event: 2,701 GC heap before
{Heap before GC invocations=4 (full 0):
 def new generation   total 9792K, used 2627K [0x00000000e1200000, 0x00000000e1ca0000, 0x00000000eb6a0000)
  eden space 8704K,  17% used [0x00000000e1200000, 0x00000000e1380d70, 0x00000000e1a80000)
  from space 1088K, 100% used [0x00000000e1a80000, 0x00000000e1b90000, 0x00000000e1b90000)
  to   space 1088K,   0% used [0x00000000e1b90000, 0x00000000e1b90000, 0x00000000e1ca0000)
 tenured generation   total 21888K, used 6380K [0x00000000eb6a0000, 0x00000000ecc00000, 0x0000000100000000)
   the space 21888K,  29% used [0x00000000eb6a0000, 0x00000000ebcdb040, 0x00000000ebcdb200, 0x00000000ecc00000)
 Metaspace       used 17449K, capacity 18486K, committed 18688K, reserved 1064960K
  class space    used 2494K, capacity 2718K, committed 2816K, reserved 1048576K
Event: 2,710 GC heap after
Heap after GC invocations=5 (full 0):
 def new generation   total 9792K, used 214K [0x00000000e1200000, 0x00000000e1ca0000, 0x00000000eb6a0000)
  eden space 8704K,   0% used [0x00000000e1200000, 0x00000000e1200000, 0x00000000e1a80000)
  from space 1088K,  19% used [0x00000000e1b90000, 0x00000000e1bc59d0, 0x00000000e1ca0000)
  to   space 1088K,   0% used [0x00000000e1a80000, 0x00000000e1a80000, 0x00000000e1b90000)
 tenured generation   total 21888K, used 7448K [0x00000000eb6a0000, 0x00000000ecc00000, 0x0000000100000000)
   the space 21888K,  34% used [0x00000000eb6a0000, 0x00000000ebde6350, 0x00000000ebde6400, 0x00000000ecc00000)
 Metaspace       used 17449K, capacity 18486K, committed 18688K, reserved 1064960K
  class space    used 2494K, capacity 2718K, committed 2816K, reserved 1048576K
}
Event: 2,733 GC heap before
{Heap before GC invocations=5 (full 0):
 def new generation   total 9792K, used 8918K [0x00000000e1200000, 0x00000000e1ca0000, 0x00000000eb6a0000)
  eden space 8704K, 100% used [0x00000000e1200000, 0x00000000e1a80000, 0x00000000e1a80000)
  from space 1088K,  19% used [0x00000000e1b90000, 0x00000000e1bc59d0, 0x00000000e1ca0000)
  to   space 1088K,   0% used [0x00000000e1a80000, 0x00000000e1a80000, 0x00000000e1b90000)
 tenured generation   total 21888K, used 7448K [0x00000000eb6a0000, 0x00000000ecc00000, 0x0000000100000000)
   the space 21888K,  34% used [0x00000000eb6a0000, 0x00000000ebde6350, 0x00000000ebde6400, 0x00000000ecc00000)
 Metaspace       used 17618K, capacity 18570K, committed 18688K, reserved 1064960K
  class space    used 2516K, capacity 2724K, committed 2816K, reserved 1048576K
Event: 2,738 GC heap after
Heap after GC invocations=6 (full 0):
 def new generation   total 9792K, used 259K [0x00000000e1200000, 0x00000000e1ca0000, 0x00000000eb6a0000)
  eden space 8704K,   0% used [0x00000000e1200000, 0x00000000e1200000, 0x00000000e1a80000)
  from space 1088K,  23% used [0x00000000e1a80000, 0x00000000e1ac0fd0, 0x00000000e1b90000)
  to   space 1088K,   0% used [0x00000000e1b90000, 0x00000000e1b90000, 0x00000000e1ca0000)
 tenured generation   total 21888K, used 15640K [0x00000000eb6a0000, 0x00000000ecc00000, 0x0000000100000000)
   the space 21888K,  71% used [0x00000000eb6a0000, 0x00000000ec5e6360, 0x00000000ec5e6400, 0x00000000ecc00000)
 Metaspace       used 17618K, capacity 18570K, committed 18688K, reserved 1064960K
  class space    used 2516K, capacity 2724K, committed 2816K, reserved 1048576K
}

